#
# There is insufficient memory for the Java Runtime Environment to continue.
# Native memory allocation (malloc) failed to allocate 1048576 bytes for AllocateHeap
# Possible reasons:
#   The system is out of physical RAM or swap space
#   In 32 bit mode, the process size limit was hit
# Possible solutions:
#   Reduce memory load on the system
#   Increase physical memory or swap space
#   Check if swap backing store is full
#   Use 64 bit Java on a 64 bit OS
#   Decrease Java heap size (-Xmx/-Xms)
#   Decrease number of Java threads
#   Decrease Java thread stack sizes (-Xss)
#   Set larger code cache with -XX:ReservedCodeCacheSize=
# This output file may be truncated or incomplete.
#
#  Out of Memory Error (memory/allocation.inline.hpp:61), pid=7708, tid=0x000000000000180c
#
# JRE version:  (8.0_111-b14) (build )
# Java VM: Java HotSpot(TM) 64-Bit Server VM (25.111-b14 mixed mode windows-amd64 compressed oops)
# Failed to write core dump. Minidumps are not enabled by default on client versions of Windows
#

---------------  T H R E A D  ---------------

Current thread (0x00000000026be000):  JavaThread "Unknown thread" [_thread_in_vm, id=6156, stack(0x00000000027c0000,0x00000000028c0000)]

Stack: [0x00000000027c0000,0x00000000028c0000]
[error occurred during error reporting (printing stack bounds), id 0xc0000005]

Native frames: (J=compiled Java code, j=interpreted, Vv=VM code, C=native code)


---------------  P R O C E S S  ---------------

Java Threads: ( => current thread )

Other Threads:

=>0x00000000026be000 (exited) JavaThread "Unknown thread" [_thread_in_vm, id=6156, stack(0x00000000027c0000,0x00000000028c0000)]

VM state:not at safepoint (normal execution)

VM Mutex/Monitor currently owned by a thread: None

Heap:
 PSYoungGen      total 18944K, used 327K [0x00000000eb000000, 0x00000000ec500000, 0x0000000100000000)
  eden space 16384K, 2% used [0x00000000eb000000,0x00000000eb051ec8,0x00000000ec000000)
  from space 2560K, 0% used [0x00000000ec280000,0x00000000ec280000,0x00000000ec500000)
  to   space 2560K, 0% used [0x00000000ec000000,0x00000000ec000000,0x00000000ec280000)
 ParOldGen       total 44032K, used 0K [0x00000000c1000000, 0x00000000c3b00000, 0x00000000eb000000)
  object space 44032K, 0% used [0x00000000c1000000,0x00000000c1000000,0x00000000c3b00000)
 Metaspace       used 770K, capacity 4480K, committed 4480K, reserved 1056768K
  class space    used 75K, capacity 384K, committed 384K, reserved 1048576K

Card table byte_map: [0x0000000011d80000,0x0000000011f80000] byte_map_base: 0x0000000011778000

Marking Bits: (ParMarkBitMap*) 0x00000000776ea6c0
 Begin Bits: [0x00000000124d0000, 0x0000000013490000)
 End Bits:   [0x0000000013490000, 0x0000000014450000)

Polling page: 0x0000000000930000

CodeCache: size=245760Kb used=328Kb max_used=328Kb free=245431Kb
 bounds [0x00000000029c0000, 0x0000000002c30000, 0x00000000119c0000]
 total_blobs=58 nmethods=0 adapters=38
 compilation: enabled

Compilation events (0 events):
No events

GC Heap History (0 events):
No events

Deoptimization events (0 events):
No events

Internal exceptions (0 events):
No events

Events (10 events):
Event: 0.068 loading class java/lang/Short
Event: 0.068 loading class java/lang/Short done
Event: 0.068 loading class java/lang/Integer
Event: 0.068 loading class java/lang/Integer done
Event: 0.068 loading class java/lang/Long
Event: 0.068 loading class java/lang/Long done
Event: 0.069 loading class java/lang/NullPointerException
Event: 0.069 loading class java/lang/NullPointerException done
Event: 0.069 loading class java/lang/ArithmeticException
Event: 0.069 loading class java/lang/ArithmeticException done


Dynamic libraries:
0x00007ff7349f0000 - 0x00007ff734a27000 	C:\Program Files\Java\jdk1.8.0_111\bin\java.exe
0x00007ffa4b550000 - 0x00007ffa4b731000 	C:\Windows\SYSTEM32\ntdll.dll
0x00007ffa4a420000 - 0x00007ffa4a4d2000 	C:\Windows\System32\KERNEL32.DLL
0x00007ffa48320000 - 0x00007ffa48593000 	C:\Windows\System32\KERNELBASE.dll
0x00007ffa49ee0000 - 0x00007ffa49f81000 	C:\Windows\System32\ADVAPI32.dll
0x00007ffa4a310000 - 0x00007ffa4a3ae000 	C:\Windows\System32\msvcrt.dll
0x00007ffa4b070000 - 0x00007ffa4b0cb000 	C:\Windows\System32\sechost.dll
0x00007ffa4af40000 - 0x00007ffa4b064000 	C:\Windows\System32\RPCRT4.dll
0x00007ffa4a180000 - 0x00007ffa4a310000 	C:\Windows\System32\USER32.dll
0x00007ffa48300000 - 0x00007ffa48320000 	C:\Windows\System32\win32u.dll
0x00007ffa4ae30000 - 0x00007ffa4ae58000 	C:\Windows\System32\GDI32.dll
0x00007ffa48650000 - 0x00007ffa487e2000 	C:\Windows\System32\gdi32full.dll
0x00007ffa48260000 - 0x00007ffa482ff000 	C:\Windows\System32\msvcp_win.dll
0x00007ffa48090000 - 0x00007ffa4818a000 	C:\Windows\System32\ucrtbase.dll
0x00007ffa37930000 - 0x00007ffa37b99000 	C:\Windows\WinSxS\amd64_microsoft.windows.common-controls_6595b64144ccf1df_6.0.17134.1_none_e4da93291059d8fb\COMCTL32.dll
0x00007ffa4a9b0000 - 0x00007ffa4acd3000 	C:\Windows\System32\combase.dll
0x00007ffa481e0000 - 0x00007ffa4825a000 	C:\Windows\System32\bcryptPrimitives.dll
0x00007ffa49fa0000 - 0x00007ffa49fcd000 	C:\Windows\System32\IMM32.DLL
0x00000000500d0000 - 0x00000000501a2000 	C:\Program Files\Java\jdk1.8.0_111\jre\bin\msvcr100.dll
0x0000000076ed0000 - 0x000000007776a000 	C:\Program Files\Java\jdk1.8.0_111\jre\bin\server\jvm.dll
0x00007ffa49f90000 - 0x00007ffa49f98000 	C:\Windows\System32\PSAPI.DLL
0x00007ffa45bf0000 - 0x00007ffa45bf9000 	C:\Windows\SYSTEM32\WSOCK32.dll
0x00007ffa45b80000 - 0x00007ffa45ba3000 	C:\Windows\SYSTEM32\WINMM.dll
0x00007ffa42110000 - 0x00007ffa4211a000 	C:\Windows\SYSTEM32\VERSION.dll
0x00007ffa4a3b0000 - 0x00007ffa4a41c000 	C:\Windows\System32\WS2_32.dll
0x00007ffa45b50000 - 0x00007ffa45b7a000 	C:\Windows\SYSTEM32\winmmbase.dll
0x00007ffa48190000 - 0x00007ffa481d9000 	C:\Windows\System32\cfgmgr32.dll
0x0000000050080000 - 0x000000005008f000 	C:\Program Files\Java\jdk1.8.0_111\jre\bin\verify.dll
0x0000000050050000 - 0x0000000050079000 	C:\Program Files\Java\jdk1.8.0_111\jre\bin\java.dll
0x0000000050030000 - 0x0000000050046000 	C:\Program Files\Java\jdk1.8.0_111\jre\bin\zip.dll

VM Arguments:
jvm_args: -Dfile.encoding=UTF-8 
java_command: View.ViewCliente
java_class_path (initial): C:\Users\LVIS MACUA\Documents\NetBeansProjects\VendasBL\bibliotecas\UGComp.jar;C:\Program Files\NetBeans 8.2\java\modules\ext\AbsoluteLayout.jar;C:\Program Files\NetBeans 8.2\java\modules\ext\hibernate4\hibernate-jpa-2.1-api-1.0.0.Final.jar;C:\Program Files\NetBeans 8.2\java\modules\ext\hibernate4\antlr-2.7.7.jar;C:\Program Files\NetBeans 8.2\java\modules\ext\hibernate4\c3p0-0.9.2.1.jar;C:\Program Files\NetBeans 8.2\java\modules\ext\hibernate4\hibernate-c3p0-4.3.1.Final.jar;C:\Program Files\NetBeans 8.2\java\modules\ext\hibernate4\mchange-commons-java-0.2.3.4.jar;C:\Program Files\NetBeans 8.2\java\modules\ext\hibernate4\dom4j-1.6.1.jar;C:\Program Files\NetBeans 8.2\java\modules\ext\hibernate4\ehcache-core-2.4.3.jar;C:\Program Files\NetBeans 8.2\java\modules\ext\hibernate4\hibernate-ehcache-4.3.1.Final.jar;C:\Program Files\NetBeans 8.2\java\modules\ext\hibernate4\hibernate-core-4.3.1.Final.jar;C:\Program Files\NetBeans 8.2\java\modules\ext\hibernate4\jboss-logging-3.1.3.GA.jar;C:\Program Files\NetBeans 8.2\java\modules\ext\hibernate4\hibernate-commons-annotations-4.0.4.Final.jar;C:\Program Files\NetBeans 8.2\java\modules\ext\hibernate4\hibernate-entitymanager-4.3.1.Final.jar;C:\Program Files\NetBeans 8.2\java\modules\ext\hibernate4\javassist-3.18.1-GA.jar;C:\Program Files\NetBeans 8.2\java\modules\ext\hibernate4\jboss-transaction-api_1.2_spec-1.0.0.Final.jar;C:\Program Files\NetBeans 8.2\java\modules\ext\hibernate4\slf4j-api-1.6.1.jar;C:\Program Files\NetBeans 8.2\java\modules\ext\hibernate4\slf4j-simple-1.6.1.jar;C:\Program Files\NetBeans 8.2\ide\modules\ext\mysql-connector-java-5.1.23-bin.jar;F:\Trabalho Semestral Java\bibliotecas\mysql-connector-java-5.1.23-bin.jar;F:\Trabalho Semestral Java\ProjectoVendas\build\classes
Launcher Type: SUN_STANDARD

Environment Variables:
PATH=C:\ProgramData\Oracle\Java\javapath;C:\Windows\system32;C:\Windows;C:\Windows\System32\Wbem;C:\Windows\System32\WindowsPowerShell\v1.0\;C:\Windows\System32\OpenSSH\;C:\Users\LVIS MACUA\AppData\Local\Microsoft\WindowsApps;
USERNAME=LVIS MACUA
OS=Windows_NT
PROCESSOR_IDENTIFIER=Intel64 Family 6 Model 58 Stepping 9, GenuineIntel



---------------  S Y S T E M  ---------------

OS: Windows 10.0 , 64 bit Build 17134 (10.0.17134.1)

CPU:total 4 (2 cores per cpu, 2 threads per core) family 6 model 58 stepping 9, cmov, cx8, fxsr, mmx, sse, sse2, sse3, ssse3, sse4.1, sse4.2, popcnt, avx, aes, clmul, erms, ht, tsc, tscinvbit, tscinv

Memory: 4k page, physical 4126288k(693460k free), swap 10712012k(5704k free)

vm_info: Java HotSpot(TM) 64-Bit Server VM (25.111-b14) for windows-amd64 JRE (1.8.0_111-b14), built on Sep 22 2016 19:24:05 by "java_re" with MS VC++ 10.0 (VS2010)

time: Thu Dec 31 13:58:52 2020
elapsed time: 0 seconds (0d 0h 0m 0s)

